{"name":"TX","hostname":"pedro","pid":2789,"level":30,"sessionId":"de7fb799-b4a7-44b3-b321-f51713e20595","bitcoinAddress":"13XXnm4ipHgpMCEPsTkRczinU4rSNYd6ns","msg":"scanAddress","time":"2017-01-17T17:46:35.207Z","v":0}
{"name":"TX","hostname":"pedro","pid":2789,"level":30,"sessionId":"63d67043-cf19-401b-b372-a65acea0d4d5","bitcoinAddress":"13XXnm4ipHgpMCEPsTkRczinU4rSNYd6ns","msg":"scanAddress","time":"2017-01-17T17:49:23.351Z","v":0}
{"name":"TX","hostname":"pedro","pid":2789,"level":30,"bill":20,"currency":"EUR","bitcoins":1.61,"satoshis":161000000,"msg":"validateBill","time":"2017-01-17T17:49:35.975Z","v":0}
{"name":"TX","hostname":"pedro","pid":2789,"level":30,"bitcoins":1.61,"satoshis":161000000,"fiat":20,"currency":"EUR","msg":"bitcoinsRequested","time":"2017-01-17T17:49:38.436Z","v":0}
{"name":"TX","hostname":"pedro","pid":2789,"level":30,"bitcoins":1.61,"satoshis":161000000,"fiat":20,"currency":"EUR","msg":"bitcoinsSent","time":"2017-01-17T17:49:39.441Z","v":0}
{"name":"TX","hostname":"pedro","pid":2789,"level":30,"currency":"EUR","msg":"cashboxRemoved","time":"2017-01-17T17:50:02.507Z","v":0}
{"name":"TX","hostname":"pedro","pid":2604,"level":30,"sessionId":"5eaef6ea-e69c-44b8-8605-ba1522690d59","bitcoinAddress":"13XXnm4ipHgpMCEPsTkRczinU4rSNYd6ns","msg":"scanAddress","time":"2017-01-18T10:42:33.407Z","v":0}
{"name":"TX","hostname":"pedro","pid":2604,"level":30,"bill":20,"currency":"EUR","bitcoins":1.61,"satoshis":161000000,"msg":"validateBill","time":"2017-01-18T10:42:45.224Z","v":0}
{"name":"TX","hostname":"pedro","pid":2604,"level":30,"bitcoins":1.61,"satoshis":161000000,"fiat":20,"currency":"EUR","msg":"bitcoinsRequested","time":"2017-01-18T10:42:47.900Z","v":0}
{"name":"TX","hostname":"pedro","pid":2604,"level":30,"bitcoins":1.61,"satoshis":161000000,"fiat":20,"currency":"EUR","msg":"bitcoinsSent","time":"2017-01-18T10:42:48.905Z","v":0}
{"name":"TX","hostname":"pedro","pid":965,"level":30,"currency":"EUR","msg":"cashboxRemoved","time":"2017-01-18T10:45:51.759Z","v":0}
{"name":"TX","hostname":"pedro","pid":965,"level":30,"sessionId":"664bd3d6-7451-4320-b762-172a50dcffcd","bitcoinAddress":"13XXnm4ipHgpMCEPsTkRczinU4rSNYd6ns","msg":"scanAddress","time":"2017-01-18T10:46:20.439Z","v":0}
{"name":"TX","hostname":"pedro","pid":965,"level":30,"bill":20,"currency":"EUR","bitcoins":1.61,"satoshis":161000000,"msg":"validateBill","time":"2017-01-18T10:46:30.419Z","v":0}
{"name":"TX","hostname":"pedro","pid":965,"level":30,"bitcoins":1.61,"satoshis":161000000,"fiat":20,"currency":"EUR","msg":"bitcoinsRequested","time":"2017-01-18T10:46:32.590Z","v":0}
{"name":"TX","hostname":"pedro","pid":965,"level":30,"bitcoins":1.61,"satoshis":161000000,"fiat":20,"currency":"EUR","msg":"bitcoinsSent","time":"2017-01-18T10:46:33.595Z","v":0}
{"name":"TX","hostname":"pedro","pid":2195,"level":30,"sessionId":"ea77cf2b-5730-469b-b7ca-5ffaa691e073","bitcoinAddress":"1NDhoLrT4Hrn8sSFoEhSpQTWATTzecqChy","msg":"scanAddress","time":"2017-01-24T10:50:41.207Z","v":0}
{"name":"TX","hostname":"pedro","pid":2195,"level":30,"bill":10,"currency":"USD","bitcoins":0.011,"satoshis":1100000,"msg":"validateBill","time":"2017-01-24T10:51:21.096Z","v":0}
{"name":"TX","hostname":"pedro","pid":2195,"level":30,"bitcoins":0.011,"satoshis":1100000,"fiat":10,"currency":"USD","msg":"bitcoinsRequested","time":"2017-01-24T10:51:25.129Z","v":0}
{"name":"TX","hostname":"pedro","pid":2195,"level":30,"bitcoins":0.011,"satoshis":1100000,"fiat":10,"currency":"USD","msg":"bitcoinsSent","time":"2017-01-24T10:51:28.066Z","v":0}
{"name":"TX","hostname":"pedro","pid":2195,"level":30,"currency":"USD","msg":"cashboxRemoved","time":"2017-01-24T10:53:06.609Z","v":0}
{"name":"TX","hostname":"pedro","pid":2195,"level":30,"sessionId":"8268bdb5-6bf8-450b-85c6-75a9768abcff","bitcoinAddress":"1JQ1JCXvjao8W6Fo9B1RotVVkkz3ymxuzx","msg":"scanAddress","time":"2017-01-24T10:56:23.870Z","v":0}
{"name":"TX","hostname":"pedro","pid":1183,"level":30,"sessionId":"12bd3dc5-0eee-4261-a1fe-82758b616bb1","bitcoinAddress":"1JQ1JCXvjao8W6Fo9B1RotVVkkz3ymxuzx","msg":"scanAddress","time":"2017-01-24T15:07:04.465Z","v":0}
{"name":"TX","hostname":"pedro","pid":2248,"level":30,"sessionId":"fa456751-508f-4cb3-9ffe-c2feaff99578","bitcoinAddress":"1JQ1JCXvjao8W6Fo9B1RotVVkkz3ymxuzx","msg":"scanAddress","time":"2017-01-24T15:16:18.129Z","v":0}
{"name":"TX","hostname":"pedro","pid":2248,"level":30,"bill":5,"currency":"EUR","bitcoins":0.402,"satoshis":40200000,"msg":"validateBill","time":"2017-01-24T15:16:27.128Z","v":0}
{"name":"TX","hostname":"pedro","pid":2248,"level":30,"bitcoins":0.402,"satoshis":40200000,"fiat":5,"currency":"EUR","msg":"bitcoinsRequested","time":"2017-01-24T15:16:28.335Z","v":0}
{"name":"TX","hostname":"pedro","pid":2248,"level":30,"bitcoins":0.402,"satoshis":40200000,"fiat":5,"currency":"EUR","msg":"bitcoinsSent","time":"2017-01-24T15:16:29.343Z","v":0}
{"name":"TX","hostname":"pedro","pid":2879,"level":30,"sessionId":"919e11c0-2a51-4d08-8179-3ee98a53fb84","bitcoinAddress":"1JQ1JCXvjao8W6Fo9B1RotVVkkz3ymxuzx","msg":"scanAddress","time":"2017-01-24T15:32:46.553Z","v":0}
{"name":"TX","hostname":"pedro","pid":2879,"level":30,"bill":5,"currency":"EUR","bitcoins":0.402,"satoshis":40200000,"msg":"validateBill","time":"2017-01-24T15:32:56.782Z","v":0}
{"name":"TX","hostname":"pedro","pid":2879,"level":30,"bitcoins":0.402,"satoshis":40200000,"fiat":5,"currency":"EUR","msg":"bitcoinsRequested","time":"2017-01-24T15:32:58.768Z","v":0}
{"name":"TX","hostname":"pedro","pid":2879,"level":30,"bitcoins":0.402,"satoshis":40200000,"fiat":5,"currency":"EUR","msg":"bitcoinsSent","time":"2017-01-24T15:32:59.776Z","v":0}
